#-----------------------------------------------------------
# Vivado v2019.1 (64-bit)
# SW Build 2552052 on Fri May 24 14:47:09 MDT 2019
# IP Build 2548770 on Fri May 24 18:01:18 MDT 2019
# Start of session at: Sun Oct 13 14:56:29 2019
# Process ID: 28486
# Current directory: /home/hello/32-Bit-ALU
# Command line: vivado
# Log file: /home/hello/32-Bit-ALU/vivado.log
# Journal file: /home/hello/32-Bit-ALU/vivado.jou
#-----------------------------------------------------------
start_gui
open_project /home/hello/32-Bit-ALU/32-Bit-ALU.xpr
INFO: [Project 1-313] Project file moved from '/home/2018csb1094/32-Bit-ALU' since last save.
Scanning sources...
Finished scanning sources
INFO: [IP_Flow 19-234] Refreshing IP repositories
INFO: [IP_Flow 19-1704] No user IP repositories specified
INFO: [IP_Flow 19-2313] Loaded Vivado IP repository '/home/neeraj/eda/Vivado/2019.1/data/ip'.
update_compile_order -fileset sources_1
close [ open /home/hello/32-Bit-ALU/32-Bit-ALU.srcs/sources_1/new/leftShift.v w ]
add_files /home/hello/32-Bit-ALU/32-Bit-ALU.srcs/sources_1/new/leftShift.v
update_compile_order -fileset sources_1
launch_simulation
INFO: [Vivado 12-5682] Launching behavioral simulation in '/home/hello/32-Bit-ALU/32-Bit-ALU.sim/sim_1/behav/xsim'
INFO: [SIM-utils-51] Simulation object is 'sim_1'
INFO: [SIM-utils-54] Inspecting design source files for 'testbench' in fileset 'sim_1'...
INFO: [USF-XSim-97] Finding global include files...
INFO: [USF-XSim-98] Fetching design files from 'sim_1'...
INFO: [USF-XSim-2] XSim::Compile design
INFO: [USF-XSim-61] Executing 'COMPILE and ANALYZE' step in '/home/hello/32-Bit-ALU/32-Bit-ALU.sim/sim_1/behav/xsim'
xvlog --incr --relax -prj testbench_vlog.prj
INFO: [VRFC 10-2263] Analyzing Verilog file "/home/hello/32-Bit-ALU/32-Bit-ALU.srcs/sources_1/new/leftShift.v" into library xil_defaultlib
INFO: [VRFC 10-311] analyzing module leftShift
INFO: [VRFC 10-311] analyzing module mux2
INFO: [VRFC 10-2263] Analyzing Verilog file "/home/hello/32-Bit-ALU/32-Bit-ALU.srcs/sim_1/new/testbench.v" into library xil_defaultlib
INFO: [VRFC 10-311] analyzing module testbench
INFO: [VRFC 10-2263] Analyzing Verilog file "/home/hello/32-Bit-ALU/32-Bit-ALU.sim/sim_1/behav/xsim/glbl.v" into library xil_defaultlib
INFO: [VRFC 10-311] analyzing module glbl
INFO: [USF-XSim-69] 'compile' step finished in '2' seconds
INFO: [USF-XSim-3] XSim::Elaborate design
INFO: [USF-XSim-61] Executing 'ELABORATE' step in '/home/hello/32-Bit-ALU/32-Bit-ALU.sim/sim_1/behav/xsim'
xelab -wto c1973a3ab9f641a6860e2e6eb6eedaec --incr --debug typical --relax --mt 8 -L xil_defaultlib -L unisims_ver -L unimacro_ver -L secureip --snapshot testbench_behav xil_defaultlib.testbench xil_defaultlib.glbl -log elaborate.log
Vivado Simulator 2019.1
Copyright 1986-1999, 2001-2019 Xilinx, Inc. All Rights Reserved.
Running: /home/neeraj/eda/Vivado/2019.1/bin/unwrapped/lnx64.o/xelab -wto c1973a3ab9f641a6860e2e6eb6eedaec --incr --debug typical --relax --mt 8 -L xil_defaultlib -L unisims_ver -L unimacro_ver -L secureip --snapshot testbench_behav xil_defaultlib.testbench xil_defaultlib.glbl -log elaborate.log 
Using 8 slave threads.
Starting static elaboration
Completed static elaboration
Starting simulation data flow analysis
Completed simulation data flow analysis
Time Resolution for simulation is 1ps
Compiling module xil_defaultlib.mux2
Compiling module xil_defaultlib.leftShift
Compiling module xil_defaultlib.testbench
Compiling module xil_defaultlib.glbl
Built simulation snapshot testbench_behav

****** Webtalk v2019.1 (64-bit)
  **** SW Build 2552052 on Fri May 24 14:47:09 MDT 2019
  **** IP Build 2548770 on Fri May 24 18:01:18 MDT 2019
    ** Copyright 1986-2019 Xilinx, Inc. All Rights Reserved.

source /home/hello/32-Bit-ALU/32-Bit-ALU.sim/sim_1/behav/xsim/xsim.dir/testbench_behav/webtalk/xsim_webtalk.tcl -notrace
INFO: [Common 17-186] '/home/hello/32-Bit-ALU/32-Bit-ALU.sim/sim_1/behav/xsim/xsim.dir/testbench_behav/webtalk/usage_statistics_ext_xsim.xml' has been successfully sent to Xilinx on Sun Oct 13 15:18:16 2019. For additional details about this file, please refer to the WebTalk help file at /home/neeraj/eda/Vivado/2019.1/doc/webtalk_introduction.html.
webtalk_transmit: Time (s): cpu = 00:00:00.71 ; elapsed = 00:00:05 . Memory (MB): peak = 405.082 ; gain = 0.000 ; free physical = 3021 ; free virtual = 14854
INFO: [Common 17-206] Exiting Webtalk at Sun Oct 13 15:18:16 2019...
run_program: Time (s): cpu = 00:00:03 ; elapsed = 00:00:08 . Memory (MB): peak = 6559.691 ; gain = 0.000 ; free physical = 3076 ; free virtual = 14910
INFO: [USF-XSim-69] 'elaborate' step finished in '8' seconds
INFO: [USF-XSim-4] XSim::Simulate design
INFO: [USF-XSim-61] Executing 'SIMULATE' step in '/home/hello/32-Bit-ALU/32-Bit-ALU.sim/sim_1/behav/xsim'
INFO: [USF-XSim-98] *** Running xsim
   with args "testbench_behav -key {Behavioral:sim_1:Functional:testbench} -tclbatch {testbench.tcl} -log {simulate.log}"
INFO: [USF-XSim-8] Loading simulator feature
Vivado Simulator 2019.1
Time resolution is 1 ps
source testbench.tcl
# set curr_wave [current_wave_config]
# if { [string length $curr_wave] == 0 } {
#   if { [llength [get_objects]] > 0} {
#     add_wave /
#     set_property needs_save false [current_wave_config]
#   } else {
#      send_msg_id Add_Wave-1 WARNING "No top level signals found. Simulator will start without a wave window. If you want to open a wave window go to 'File->New Waveform Configuration' or type 'create_wave_config' in the TCL console."
#   }
# }
# run 1000ns
A=        10 B=        20  S=         0 Cout= z
A=      8000 B=       500  S=         0 Cout =z
INFO: [USF-XSim-96] XSim completed. Design snapshot 'testbench_behav' loaded.
INFO: [USF-XSim-97] XSim simulation ran for 1000ns
launch_simulation: Time (s): cpu = 00:00:10 ; elapsed = 00:00:15 . Memory (MB): peak = 6684.473 ; gain = 124.781 ; free physical = 3005 ; free virtual = 14847
close_sim
INFO: [Simtcl 6-16] Simulation closed
close_sim: Time (s): cpu = 00:00:03 ; elapsed = 00:00:06 . Memory (MB): peak = 6684.473 ; gain = 0.000 ; free physical = 3053 ; free virtual = 14895
launch_simulation
INFO: [Vivado 12-5682] Launching behavioral simulation in '/home/hello/32-Bit-ALU/32-Bit-ALU.sim/sim_1/behav/xsim'
INFO: [SIM-utils-51] Simulation object is 'sim_1'
INFO: [SIM-utils-54] Inspecting design source files for 'testbench' in fileset 'sim_1'...
INFO: [USF-XSim-97] Finding global include files...
INFO: [USF-XSim-98] Fetching design files from 'sim_1'...
INFO: [USF-XSim-2] XSim::Compile design
INFO: [USF-XSim-61] Executing 'COMPILE and ANALYZE' step in '/home/hello/32-Bit-ALU/32-Bit-ALU.sim/sim_1/behav/xsim'
xvlog --incr --relax -prj testbench_vlog.prj
INFO: [VRFC 10-2263] Analyzing Verilog file "/home/hello/32-Bit-ALU/32-Bit-ALU.srcs/sources_1/new/leftShift.v" into library xil_defaultlib
INFO: [VRFC 10-311] analyzing module leftShift
INFO: [VRFC 10-311] analyzing module mux2
INFO: [VRFC 10-2263] Analyzing Verilog file "/home/hello/32-Bit-ALU/32-Bit-ALU.srcs/sim_1/new/testbench.v" into library xil_defaultlib
INFO: [VRFC 10-311] analyzing module testbench
INFO: [USF-XSim-69] 'compile' step finished in '1' seconds
INFO: [USF-XSim-3] XSim::Elaborate design
INFO: [USF-XSim-61] Executing 'ELABORATE' step in '/home/hello/32-Bit-ALU/32-Bit-ALU.sim/sim_1/behav/xsim'
xelab -wto c1973a3ab9f641a6860e2e6eb6eedaec --incr --debug typical --relax --mt 8 -L xil_defaultlib -L unisims_ver -L unimacro_ver -L secureip --snapshot testbench_behav xil_defaultlib.testbench xil_defaultlib.glbl -log elaborate.log
Vivado Simulator 2019.1
Copyright 1986-1999, 2001-2019 Xilinx, Inc. All Rights Reserved.
Running: /home/neeraj/eda/Vivado/2019.1/bin/unwrapped/lnx64.o/xelab -wto c1973a3ab9f641a6860e2e6eb6eedaec --incr --debug typical --relax --mt 8 -L xil_defaultlib -L unisims_ver -L unimacro_ver -L secureip --snapshot testbench_behav xil_defaultlib.testbench xil_defaultlib.glbl -log elaborate.log 
Using 8 slave threads.
Starting static elaboration
Completed static elaboration
Starting simulation data flow analysis
Completed simulation data flow analysis
Time Resolution for simulation is 1ps
Compiling module xil_defaultlib.mux2
Compiling module xil_defaultlib.leftShift
Compiling module xil_defaultlib.testbench
Compiling module xil_defaultlib.glbl
Built simulation snapshot testbench_behav
INFO: [USF-XSim-69] 'elaborate' step finished in '1' seconds
INFO: [USF-XSim-4] XSim::Simulate design
INFO: [USF-XSim-61] Executing 'SIMULATE' step in '/home/hello/32-Bit-ALU/32-Bit-ALU.sim/sim_1/behav/xsim'
INFO: [USF-XSim-98] *** Running xsim
   with args "testbench_behav -key {Behavioral:sim_1:Functional:testbench} -tclbatch {testbench.tcl} -log {simulate.log}"
INFO: [USF-XSim-8] Loading simulator feature
Vivado Simulator 2019.1
Time resolution is 1 ps
source testbench.tcl
# set curr_wave [current_wave_config]
# if { [string length $curr_wave] == 0 } {
#   if { [llength [get_objects]] > 0} {
#     add_wave /
#     set_property needs_save false [current_wave_config]
#   } else {
#      send_msg_id Add_Wave-1 WARNING "No top level signals found. Simulator will start without a wave window. If you want to open a wave window go to 'File->New Waveform Configuration' or type 'create_wave_config' in the TCL console."
#   }
# }
# run 1000ns
A=        10 B=         4  S=         0 Cout= z
A=         2 B=         5  S=         0 Cout =z
INFO: [USF-XSim-96] XSim completed. Design snapshot 'testbench_behav' loaded.
INFO: [USF-XSim-97] XSim simulation ran for 1000ns
launch_simulation: Time (s): cpu = 00:00:04 ; elapsed = 00:00:05 . Memory (MB): peak = 6697.531 ; gain = 13.059 ; free physical = 3030 ; free virtual = 14873
add_bp {/home/hello/32-Bit-ALU/32-Bit-ALU.srcs/sources_1/new/leftShift.v} 42
remove_bps -file {/home/hello/32-Bit-ALU/32-Bit-ALU.srcs/sources_1/new/leftShift.v} -line 42
close_sim
INFO: [Simtcl 6-16] Simulation closed
launch_simulation
INFO: [Vivado 12-5682] Launching behavioral simulation in '/home/hello/32-Bit-ALU/32-Bit-ALU.sim/sim_1/behav/xsim'
INFO: [SIM-utils-51] Simulation object is 'sim_1'
INFO: [SIM-utils-54] Inspecting design source files for 'testbench' in fileset 'sim_1'...
INFO: [USF-XSim-97] Finding global include files...
INFO: [USF-XSim-98] Fetching design files from 'sim_1'...
INFO: [USF-XSim-2] XSim::Compile design
INFO: [USF-XSim-61] Executing 'COMPILE and ANALYZE' step in '/home/hello/32-Bit-ALU/32-Bit-ALU.sim/sim_1/behav/xsim'
xvlog --incr --relax -prj testbench_vlog.prj
INFO: [VRFC 10-2263] Analyzing Verilog file "/home/hello/32-Bit-ALU/32-Bit-ALU.srcs/sources_1/new/leftShift.v" into library xil_defaultlib
INFO: [VRFC 10-311] analyzing module leftShift
INFO: [VRFC 10-311] analyzing module mux2
INFO: [VRFC 10-2263] Analyzing Verilog file "/home/hello/32-Bit-ALU/32-Bit-ALU.srcs/sim_1/new/testbench.v" into library xil_defaultlib
INFO: [VRFC 10-311] analyzing module testbench
INFO: [USF-XSim-69] 'compile' step finished in '1' seconds
INFO: [USF-XSim-3] XSim::Elaborate design
INFO: [USF-XSim-61] Executing 'ELABORATE' step in '/home/hello/32-Bit-ALU/32-Bit-ALU.sim/sim_1/behav/xsim'
xelab -wto c1973a3ab9f641a6860e2e6eb6eedaec --incr --debug typical --relax --mt 8 -L xil_defaultlib -L unisims_ver -L unimacro_ver -L secureip --snapshot testbench_behav xil_defaultlib.testbench xil_defaultlib.glbl -log elaborate.log
Vivado Simulator 2019.1
Copyright 1986-1999, 2001-2019 Xilinx, Inc. All Rights Reserved.
Running: /home/neeraj/eda/Vivado/2019.1/bin/unwrapped/lnx64.o/xelab -wto c1973a3ab9f641a6860e2e6eb6eedaec --incr --debug typical --relax --mt 8 -L xil_defaultlib -L unisims_ver -L unimacro_ver -L secureip --snapshot testbench_behav xil_defaultlib.testbench xil_defaultlib.glbl -log elaborate.log 
Using 8 slave threads.
Starting static elaboration
Completed static elaboration
Starting simulation data flow analysis
Completed simulation data flow analysis
Time Resolution for simulation is 1ps
Compiling module xil_defaultlib.mux2
Compiling module xil_defaultlib.leftShift
Compiling module xil_defaultlib.testbench
Compiling module xil_defaultlib.glbl
Built simulation snapshot testbench_behav
INFO: [USF-XSim-69] 'elaborate' step finished in '1' seconds
INFO: [USF-XSim-4] XSim::Simulate design
INFO: [USF-XSim-61] Executing 'SIMULATE' step in '/home/hello/32-Bit-ALU/32-Bit-ALU.sim/sim_1/behav/xsim'
INFO: [USF-XSim-98] *** Running xsim
   with args "testbench_behav -key {Behavioral:sim_1:Functional:testbench} -tclbatch {testbench.tcl} -log {simulate.log}"
INFO: [USF-XSim-8] Loading simulator feature
Vivado Simulator 2019.1
Time resolution is 1 ps
source testbench.tcl
# set curr_wave [current_wave_config]
# if { [string length $curr_wave] == 0 } {
#   if { [llength [get_objects]] > 0} {
#     add_wave /
#     set_property needs_save false [current_wave_config]
#   } else {
#      send_msg_id Add_Wave-1 WARNING "No top level signals found. Simulator will start without a wave window. If you want to open a wave window go to 'File->New Waveform Configuration' or type 'create_wave_config' in the TCL console."
#   }
# }
# run 1000ns
A=        10 B=         4  S=       160 Cout= z
A=         2 B=         5  S=        64 Cout =z
INFO: [USF-XSim-96] XSim completed. Design snapshot 'testbench_behav' loaded.
INFO: [USF-XSim-97] XSim simulation ran for 1000ns
close_sim
INFO: [Simtcl 6-16] Simulation closed
exit
INFO: [Common 17-206] Exiting Vivado at Sun Oct 13 15:27:57 2019...
