
*** Running vivado
    with args -log fastAdder32.vds -m64 -product Vivado -mode batch -messageDb vivado.pb -notrace -source fastAdder32.tcl


****** Vivado v2019.1 (64-bit)
  **** SW Build 2552052 on Fri May 24 14:47:09 MDT 2019
  **** IP Build 2548770 on Fri May 24 18:01:18 MDT 2019
    ** Copyright 1986-2019 Xilinx, Inc. All Rights Reserved.

source fastAdder32.tcl -notrace
Command: synth_design -top fastAdder32 -part xc7k70tfbv676-1
Starting synth_design
Attempting to get a license for feature 'Synthesis' and/or device 'xc7k70t'
INFO: [Common 17-349] Got license for feature 'Synthesis' and/or device 'xc7k70t'
INFO: Launching helper process for spawning children vivado processes
INFO: Helper process launched with PID 32641 
---------------------------------------------------------------------------------
Starting Synthesize : Time (s): cpu = 00:00:02 ; elapsed = 00:00:02 . Memory (MB): peak = 1488.543 ; gain = 102.562 ; free physical = 218 ; free virtual = 11677
---------------------------------------------------------------------------------
INFO: [Synth 8-6157] synthesizing module 'fastAdder32' [/home/2018csb1094/32-Bit-ALU/32-Bit-ALU.srcs/sources_1/new/fastAdder32.v:23]
INFO: [Synth 8-6157] synthesizing module 'fastAdder4' [/home/2018csb1094/32-Bit-ALU/32-Bit-ALU.srcs/sources_1/new/fastAdder4.v:23]
INFO: [Synth 8-6155] done synthesizing module 'fastAdder4' (1#1) [/home/2018csb1094/32-Bit-ALU/32-Bit-ALU.srcs/sources_1/new/fastAdder4.v:23]
ERROR: [Synth 8-523] part-select [0:3] does not match declaration [/home/2018csb1094/32-Bit-ALU/32-Bit-ALU.srcs/sources_1/new/fastAdder32.v:37]
ERROR: [Synth 8-196] conditional expression could not be resolved to a constant [/home/2018csb1094/32-Bit-ALU/32-Bit-ALU.srcs/sources_1/new/fastAdder32.v:35]
ERROR: [Synth 8-6156] failed synthesizing module 'fastAdder32' [/home/2018csb1094/32-Bit-ALU/32-Bit-ALU.srcs/sources_1/new/fastAdder32.v:23]
---------------------------------------------------------------------------------
Finished Synthesize : Time (s): cpu = 00:00:02 ; elapsed = 00:00:03 . Memory (MB): peak = 1543.293 ; gain = 157.312 ; free physical = 278 ; free virtual = 11704
---------------------------------------------------------------------------------
synthesize failed
INFO: [Common 17-83] Releasing license: Synthesis
5 Infos, 0 Warnings, 0 Critical Warnings and 4 Errors encountered.
synth_design failed
ERROR: [Common 17-69] Command failed: Vivado Synthesis failed
INFO: [Common 17-206] Exiting Vivado at Fri Sep 13 10:20:46 2019...
